<?xml version="1.0" encoding="utf-8"?><testsuites name="pytest tests"><testsuite name="pytest" errors="0" failures="0" skipped="0" tests="18" time="3.462" timestamp="2026-06-21T09:45:04.547058+00:00" hostname="agent-env-51c539a3-7310-4cf3-a4a5-ecbf4753feb2"><testcase classname="backend.tests.test_iteration_2.TestAuthGuardsNewEndpoints" name="test_comparison_requires_bearer" time="0.123" /><testcase classname="backend.tests.test_iteration_2.TestAuthGuardsNewEndpoints" name="test_comparison_rejects_bad_bearer" time="0.093" /><testcase classname="backend.tests.test_iteration_2.TestAuthGuardsNewEndpoints" name="test_export_json_requires_bearer" time="0.092" /><testcase classname="backend.tests.test_iteration_2.TestAuthGuardsNewEndpoints" name="test_export_json_rejects_bad_bearer" time="0.096" /><testcase classname="backend.tests.test_iteration_2.TestReportComparison" name="test_comparison_explicit_year_month_math" time="0.428" /><testcase classname="backend.tests.test_iteration_2.TestReportComparison" name="test_comparison_categories_sorted_by_abs_delta" time="0.095" /><testcase classname="backend.tests.test_iteration_2.TestReportComparison" name="test_comparison_cross_year_prev" time="0.309" /><testcase classname="backend.tests.test_iteration_2.TestReportComparison" name="test_comparison_default_no_params" time="0.093" /><testcase classname="backend.tests.test_iteration_2.TestReportComparison" name="test_comparison_zero_prev_returns_null_pct" time="0.507" /><testcase classname="backend.tests.test_iteration_2.TestExportJson" name="test_export_json_content_type_and_shape" time="0.183" /><testcase classname="backend.tests.test_iteration_2.TestExportJson" name="test_export_json_isolation_between_users" time="0.183" /><testcase classname="backend.tests.test_iteration_2.TestCategoryCustomIcon" name="test_create_category_with_custom_icon_persists" time="0.214" /><testcase classname="backend.tests.test_iteration_2.TestCategoryCustomIcon" name="test_create_category_default_icon_when_omitted" time="0.138" /><testcase classname="backend.tests.test_iteration_2.TestRegressionSanity" name="test_auth_me" time="0.094" /><testcase classname="backend.tests.test_iteration_2.TestRegressionSanity" name="test_transactions_crud" time="0.315" /><testcase classname="backend.tests.test_iteration_2.TestRegressionSanity" name="test_reports_summary" time="0.096" /><testcase classname="backend.tests.test_iteration_2.TestRegressionSanity" name="test_reports_export_excel_sanity" time="0.190" /><testcase classname="backend.tests.test_iteration_2.TestRegressionSanity" name="test_reports_export_pdf_sanity" time="0.151" /></testsuite></testsuites>