<?xml version="1.0" encoding="utf-8"?><testsuites name="pytest tests"><testsuite name="pytest" errors="0" failures="0" skipped="0" tests="25" time="4.387" timestamp="2026-06-21T09:31:11.259071+00:00" hostname="agent-env-51c539a3-7310-4cf3-a4a5-ecbf4753feb2"><testcase classname="tests.test_backend_api.TestAuth" name="test_me_without_token_returns_401" time="0.267" /><testcase classname="tests.test_backend_api.TestAuth" name="test_me_with_invalid_token_returns_401" time="0.146" /><testcase classname="tests.test_backend_api.TestAuth" name="test_me_with_valid_token" time="0.102" /><testcase classname="tests.test_backend_api.TestAuth" name="test_set_gelar_updates_name" time="0.204" /><testcase classname="tests.test_backend_api.TestAuth" name="test_set_reminder" time="0.207" /><testcase classname="tests.test_backend_api.TestAuth" name="test_set_reminder_invalid_range_rejected" time="0.138" /><testcase classname="tests.test_backend_api.TestCategories" name="test_list_default_categories" time="0.116" /><testcase classname="tests.test_backend_api.TestCategories" name="test_create_and_delete_custom_category" time="0.269" /><testcase classname="tests.test_backend_api.TestCategories" name="test_cannot_delete_default_category" time="0.134" /><testcase classname="tests.test_backend_api.TestTransactions" name="test_create_tx_valid" time="0.153" /><testcase classname="tests.test_backend_api.TestTransactions" name="test_create_tx_amount_must_be_positive" time="0.142" /><testcase classname="tests.test_backend_api.TestTransactions" name="test_create_tx_invalid_date" time="0.095" /><testcase classname="tests.test_backend_api.TestTransactions" name="test_filters_year_month_type_category_q" time="0.428" /><testcase classname="tests.test_backend_api.TestTransactions" name="test_update_transaction" time="0.215" /><testcase classname="tests.test_backend_api.TestTransactions" name="test_delete_transaction" time="0.191" /><testcase classname="tests.test_backend_api.TestDataIsolation" name="test_user_b_cannot_see_user_a_tx" time="0.269" /><testcase classname="tests.test_backend_api.TestReports" name="test_summary_current_month" time="0.092" /><testcase classname="tests.test_backend_api.TestReports" name="test_summary_specific_month" time="0.129" /><testcase classname="tests.test_backend_api.TestReports" name="test_range_report" time="0.102" /><testcase classname="tests.test_backend_api.TestReports" name="test_export_excel" time="0.249" /><testcase classname="tests.test_backend_api.TestReports" name="test_export_pdf" time="0.164" /><testcase classname="tests.test_backend_api.TestReminder" name="test_reminder_status_flow" time="0.223" /><testcase classname="tests.test_backend_api.TestVoice" name="test_voice_requires_auth" time="0.094" /><testcase classname="tests.test_backend_api.TestVoice" name="test_voice_invalid_base64" time="0.095" /><testcase classname="tests.test_backend_api.TestVoice" name="test_voice_too_short" time="0.093" /></testsuite></testsuites>